f:\projects\gameengine\zombiegame\debug\vc141.pdb
f:\projects\gameengine\zombiegame\debug\vc141.idb
f:\projects\gameengine\zombiegame\debug\player.obj
f:\projects\gameengine\zombiegame\debug\entity.obj
f:\projects\gameengine\zombiegame\debug\zombiegame.obj
f:\projects\gameengine\zombiegame\debug\zombie.obj
f:\projects\gameengine\zombiegame\debug\maingame.obj
f:\projects\gameengine\zombiegame\debug\level.obj
f:\projects\gameengine\zombiegame\debug\human.obj
f:\projects\gameengine\zombiegame\debug\weapon.obj
f:\projects\gameengine\zombiegame\debug\bullet.obj
f:\projects\gameengine\debug\zombiegame.exe
f:\projects\gameengine\debug\zombiegame.ilk
f:\projects\gameengine\debug\zombiegame.pdb
f:\projects\gameengine\zombiegame\debug\zombiegame.tlog\cl.command.1.tlog
f:\projects\gameengine\zombiegame\debug\zombiegame.tlog\cl.read.1.tlog
f:\projects\gameengine\zombiegame\debug\zombiegame.tlog\cl.write.1.tlog
f:\projects\gameengine\zombiegame\debug\zombiegame.tlog\link.command.1.tlog
f:\projects\gameengine\zombiegame\debug\zombiegame.tlog\link.read.1.tlog
f:\projects\gameengine\zombiegame\debug\zombiegame.tlog\link.write.1.tlog
